<?xml version="1.0" encoding="UTF-8"?>
<!-- Generated by org.testng.reporters.JUnitReportReporter -->
<testsuite hostname="Nazomhenrypc" failures="0" tests="5" name="invocationcount.InvocationDemo" time="51.823" errors="0" timestamp="2024-03-12T20:37:54 GMT" skipped="0">
  <testcase classname="invocationcount.InvocationDemo" name="setup" time="7.720"/>
  <system-out/>
  <testcase classname="invocationcount.InvocationDemo" name="setup" time="9.452"/>
  <system-out/>
  <testcase classname="invocationcount.InvocationDemo" name="setup" time="13.150"/>
  <system-out/>
  <testcase classname="invocationcount.InvocationDemo" name="setup" time="12.515"/>
  <system-out/>
  <testcase classname="invocationcount.InvocationDemo" name="setup" time="8.986"/>
  <system-out/>
</testsuite> <!-- invocationcount.InvocationDemo -->
