<?xml version="1.0" encoding="UTF-8"?>
<!-- Generated by org.testng.reporters.JUnitReportReporter -->
<testsuite hostname="Nazomhenrypc" failures="0" tests="2" name="pageobjectmodel.LoginTestCase" time="2.049" errors="0" timestamp="2024-03-17T20:26:21 GMT" skipped="0">
  <testcase classname="pageobjectmodel.LoginTestCase" name="checklogo" time="0.478"/>
  <system-out/>
  <testcase classname="pageobjectmodel.LoginTestCase" name="login" time="1.571"/>
  <system-out/>
</testsuite> <!-- pageobjectmodel.LoginTestCase -->
