<?xml version="1.0" encoding="UTF-8"?>
<!-- Generated by org.testng.reporters.JUnitReportReporter -->
<testsuite hostname="Nazomhenrypc" failures="0" tests="2" name="serialtestingtestng.SerialTestingDemo" time="1.942" errors="0" timestamp="2024-03-13T00:09:11 GMT" skipped="0">
  <testcase classname="serialtestingtestng.SerialTestingDemo" name="login" time="0.767"/>
  <system-out/>
  <testcase classname="serialtestingtestng.SerialTestingDemo" name="HomepageTitle" time="1.175"/>
  <system-out/>
</testsuite> <!-- serialtestingtestng.SerialTestingDemo -->
