<?xml version="1.0" encoding="UTF-8"?>
<!-- Generated by org.testng.reporters.JUnitReportReporter -->
<testsuite hostname="Nazomhenrypc" failures="0" tests="6" name="paralleltestingtestng.ParallelTestingDemo" time="15.507" errors="0" timestamp="2024-03-13T22:20:03 GMT" skipped="0">
  <testcase classname="paralleltestingtestng.ParallelTestingDemo" name="login" time="3.474"/>
  <system-out/>
  <testcase classname="paralleltestingtestng.ParallelTestingDemo" name="login" time="5.212"/>
  <system-out/>
  <testcase classname="paralleltestingtestng.ParallelTestingDemo" name="login" time="4.251"/>
  <system-out/>
  <testcase classname="paralleltestingtestng.ParallelTestingDemo" name="HomepageTitle" time="0.032"/>
  <system-out/>
  <testcase classname="paralleltestingtestng.ParallelTestingDemo" name="HomepageTitle" time="0.031"/>
  <system-out/>
  <testcase classname="paralleltestingtestng.ParallelTestingDemo" name="HomepageTitle" time="2.507"/>
  <system-out/>
</testsuite> <!-- paralleltestingtestng.ParallelTestingDemo -->
