<?xml version="1.0" encoding="UTF-8"?>
<!-- Generated by org.testng.reporters.JUnitReportReporter -->
<testsuite hostname="Nazomhenrypc" failures="0" tests="3" name="testng.FirstTest" time="0.018" errors="0" timestamp="2024-03-21T00:06:56 GMT" skipped="0">
  <testcase classname="testng.FirstTest" name="Test1" time="0.013"/>
  <system-out/>
  <testcase classname="testng.FirstTest" name="Test2" time="0.002"/>
  <system-out/>
  <testcase classname="testng.FirstTest" name="Test3" time="0.003"/>
  <system-out/>
</testsuite> <!-- testng.FirstTest -->
