<?xml version="1.0" encoding="UTF-8"?>
<!-- Generated by org.testng.reporters.JUnitReportReporter -->
<testsuite hostname="Nazomhenrypc" failures="0" tests="2" name="annotaion.BeforeAndAfterMethod" time="0.019" errors="0" timestamp="2024-03-09T00:25:31 GMT" skipped="0">
  <testcase classname="annotaion.BeforeAndAfterMethod" name="search" time="0.011"/>
  <system-out/>
  <testcase classname="annotaion.BeforeAndAfterMethod" name="advancedsearch" time="0.008"/>
  <system-out/>
</testsuite> <!-- annotaion.BeforeAndAfterMethod -->
