<?xml version="1.0" encoding="UTF-8"?>
<!-- Generated by org.testng.reporters.JUnitReportReporter -->
<testsuite hostname="Nazomhenrypc" failures="0" tests="2" name="annotaion.BeforeClassAndAfterClass" time="0.008" errors="0" timestamp="2024-03-09T00:25:56 GMT" skipped="0">
  <testcase classname="annotaion.BeforeClassAndAfterClass" name="search" time="0.006"/>
  <system-out/>
  <testcase classname="annotaion.BeforeClassAndAfterClass" name="advancedsearch" time="0.002"/>
  <system-out/>
</testsuite> <!-- annotaion.BeforeClassAndAfterClass -->
