<?xml version="1.0" encoding="UTF-8"?>
<!-- Generated by org.testng.reporters.JUnitReportReporter -->
<testsuite hostname="Nazomhenrypc" failures="0" tests="3" name="testng.SecondTest" time="14.988" errors="0" timestamp="2024-03-08T22:55:37 GMT" skipped="0">
  <testcase classname="testng.SecondTest" name="openApp" time="11.561"/>
  <system-out/>
  <testcase classname="testng.SecondTest" name="login" time="1.469"/>
  <system-out/>
  <testcase classname="testng.SecondTest" name="closeApp" time="1.958"/>
  <system-out/>
</testsuite> <!-- testng.SecondTest -->
