<?xml version="1.0" encoding="UTF-8"?>
<!-- Generated by org.testng.reporters.JUnitReportReporter -->
<testsuite hostname="Nazomhenrypc" failures="0" tests="3" name="dataprovidertestng.DataProviderDemo" time="7.676" errors="0" timestamp="2024-03-29T01:07:37 GMT" skipped="0">
  <testcase classname="dataprovidertestng.DataProviderDemo" name="login" time="1.819"/>
  <system-out/>
  <testcase classname="dataprovidertestng.DataProviderDemo" name="login" time="4.546"/>
  <system-out/>
  <testcase classname="dataprovidertestng.DataProviderDemo" name="login" time="1.311"/>
  <system-out/>
</testsuite> <!-- dataprovidertestng.DataProviderDemo -->
